[0m11:39:16.067553 [debug] [MainThread]: Sending event: {'category': 'dbt', 'action': 'invocation', 'label': 'start', 'context': [<snowplow_tracker.self_describing_json.SelfDescribingJson object at 0x108310310>, <snowplow_tracker.self_describing_json.SelfDescribingJson object at 0x109dbd220>, <snowplow_tracker.self_describing_json.SelfDescribingJson object at 0x109dbd550>]}


============================== 11:39:16.071781 | 63b90b6a-7a06-4d49-bd81-950262f508fa ==============================
[0m11:39:16.071781 [info ] [MainThread]: Running with dbt=1.11.0-b3
[0m11:39:16.072227 [debug] [MainThread]: running dbt with arguments {'use_experimental_parser': 'False', 'partial_parse': 'True', 'profiles_dir': '/Users/alexheston/.dbt', 'write_json': 'True', 'static_parser': 'True', 'empty': 'None', 'introspect': 'True', 'fail_fast': 'False', 'quiet': 'False', 'log_cache_events': 'False', 'warn_error': 'None', 'no_print': 'None', 'version_check': 'True', 'warn_error_options': 'WarnErrorOptionsV2(error=[], warn=[], silence=[])', 'use_colors': 'True', 'indirect_selection': 'eager', 'log_format': 'default', 'invocation_command': 'dbt init', 'debug': 'False', 'send_anonymous_usage_stats': 'True', 'log_path': 'logs', 'printer_width': '80', 'cache_selected_only': 'False', 'target_path': 'None'}
[0m11:39:16.082068 [info ] [MainThread]: Creating dbt configuration folder at /Users/alexheston/.dbt
[0m11:39:46.678277 [debug] [MainThread]: Starter project path: /Users/alexheston/tdb-transformation/venv-tdb-transformation/lib/python3.9/site-packages/dbt/include/starter_project
[0m11:39:46.693968 [info ] [MainThread]: 
Your new dbt project "tdb_transformation" was created!

For more information on how to configure the profiles.yml file,
please consult the dbt documentation here:

  https://docs.getdbt.com/docs/configure-your-profile

One more thing:

Need help? Don't hesitate to reach out to us via GitHub issues or on Slack:

  https://community.getdbt.com/

Happy modeling!

[0m11:39:46.694613 [info ] [MainThread]: Setting up your profile.
[0m11:41:46.119374 [info ] [MainThread]: Profile tdb_transformation written to /Users/alexheston/.dbt/profiles.yml using target's profile_template.yml and your supplied values. Run 'dbt debug' to validate the connection.
[0m11:41:46.129306 [debug] [MainThread]: Resource report: {"command_name": "init", "command_success": true, "command_wall_clock_time": 150.23885, "process_in_blocks": "0", "process_kernel_time": 0.459927, "process_mem_max_rss": "342769664", "process_out_blocks": "0", "process_user_time": 1.839625}
[0m11:41:46.130680 [debug] [MainThread]: Command `dbt init` succeeded at 11:41:46.130521 after 150.24 seconds
[0m11:41:46.131889 [debug] [MainThread]: Sending event: {'category': 'dbt', 'action': 'invocation', 'label': 'end', 'context': [<snowplow_tracker.self_describing_json.SelfDescribingJson object at 0x108310310>, <snowplow_tracker.self_describing_json.SelfDescribingJson object at 0x108d64370>, <snowplow_tracker.self_describing_json.SelfDescribingJson object at 0x109d86370>]}
[0m11:41:46.133090 [debug] [MainThread]: Flushing usage events
[0m11:41:46.364185 [debug] [MainThread]: An error was encountered while trying to flush usage events
[0m11:44:18.416321 [debug] [MainThread]: Sending event: {'category': 'dbt', 'action': 'invocation', 'label': 'start', 'context': [<snowplow_tracker.self_describing_json.SelfDescribingJson object at 0x1059f7070>, <snowplow_tracker.self_describing_json.SelfDescribingJson object at 0x106a9f1f0>, <snowplow_tracker.self_describing_json.SelfDescribingJson object at 0x106a9f520>]}


============================== 11:44:18.418816 | 2e317854-06e8-4db1-adf0-9af00c668a98 ==============================
[0m11:44:18.418816 [info ] [MainThread]: Running with dbt=1.11.0-b3
[0m11:44:18.419097 [debug] [MainThread]: running dbt with arguments {'no_print': 'None', 'warn_error': 'None', 'version_check': 'True', 'log_cache_events': 'False', 'debug': 'False', 'invocation_command': 'dbt debug', 'empty': 'None', 'cache_selected_only': 'False', 'fail_fast': 'False', 'partial_parse': 'True', 'quiet': 'False', 'log_format': 'default', 'write_json': 'True', 'introspect': 'True', 'log_path': 'logs', 'indirect_selection': 'eager', 'use_colors': 'True', 'profiles_dir': '/Users/alexheston/.dbt', 'static_parser': 'True', 'printer_width': '80', 'warn_error_options': 'WarnErrorOptionsV2(error=[], warn=[], silence=[])', 'use_experimental_parser': 'False', 'send_anonymous_usage_stats': 'True', 'target_path': 'None'}
[0m11:44:18.426065 [info ] [MainThread]: dbt version: 1.11.0-b3
[0m11:44:18.426258 [info ] [MainThread]: python version: 3.9.6
[0m11:44:18.426395 [info ] [MainThread]: python path: /Users/alexheston/tdb-transformation/venv-tdb-transformation/bin/python3
[0m11:44:18.426521 [info ] [MainThread]: os info: macOS-15.7.4-arm64-arm-64bit
[0m11:44:19.757329 [info ] [MainThread]: Using profiles dir at /Users/alexheston/.dbt
[0m11:44:19.757589 [info ] [MainThread]: Using profiles.yml file at /Users/alexheston/.dbt/profiles.yml
[0m11:44:19.757745 [info ] [MainThread]: Using dbt_project.yml file at /Users/alexheston/tdb-transformation/dbt_project.yml
[0m11:44:19.757888 [info ] [MainThread]: adapter type: bigquery
[0m11:44:19.758016 [info ] [MainThread]: adapter version: 1.10.2
[0m11:44:19.758144 [info ] [MainThread]: Configuration:
[0m11:44:19.758272 [info ] [MainThread]:   profiles.yml file [[32mOK found and valid[0m]
[0m11:44:19.758393 [info ] [MainThread]:   dbt_project.yml file [[31mERROR not found[0m]
[0m11:44:19.758513 [info ] [MainThread]: Required dependencies:
[0m11:44:19.758685 [debug] [MainThread]: Executing "git --help"
[0m11:44:19.784642 [debug] [MainThread]: STDOUT: "b"usage: git [-v | --version] [-h | --help] [-C <path>] [-c <name>=<value>]\n           [--exec-path[=<path>]] [--html-path] [--man-path] [--info-path]\n           [-p | --paginate | -P | --no-pager] [--no-replace-objects] [--bare]\n           [--git-dir=<path>] [--work-tree=<path>] [--namespace=<name>]\n           [--super-prefix=<path>] [--config-env=<name>=<envvar>]\n           <command> [<args>]\n\nThese are common Git commands used in various situations:\n\nstart a working area (see also: git help tutorial)\n   clone     Clone a repository into a new directory\n   init      Create an empty Git repository or reinitialize an existing one\n\nwork on the current change (see also: git help everyday)\n   add       Add file contents to the index\n   mv        Move or rename a file, a directory, or a symlink\n   restore   Restore working tree files\n   rm        Remove files from the working tree and from the index\n\nexamine the history and state (see also: git help revisions)\n   bisect    Use binary search to find the commit that introduced a bug\n   diff      Show changes between commits, commit and working tree, etc\n   grep      Print lines matching a pattern\n   log       Show commit logs\n   show      Show various types of objects\n   status    Show the working tree status\n\ngrow, mark and tweak your common history\n   branch    List, create, or delete branches\n   commit    Record changes to the repository\n   merge     Join two or more development histories together\n   rebase    Reapply commits on top of another base tip\n   reset     Reset current HEAD to the specified state\n   switch    Switch branches\n   tag       Create, list, delete or verify a tag object signed with GPG\n\ncollaborate (see also: git help workflows)\n   fetch     Download objects and refs from another repository\n   pull      Fetch from and integrate with another repository or a local branch\n   push      Update remote refs along with associated objects\n\n'git help -a' and 'git help -g' list available subcommands and some\nconcept guides. See 'git help <command>' or 'git help <concept>'\nto read about a specific subcommand or concept.\nSee 'git help git' for an overview of the system.\n""
[0m11:44:19.785081 [debug] [MainThread]: STDERR: "b''"
[0m11:44:19.785259 [info ] [MainThread]:  - git [[32mOK found[0m]

[0m11:44:19.785420 [info ] [MainThread]: Connection:
[0m11:44:19.785618 [info ] [MainThread]:   method: oauth
[0m11:44:19.785745 [info ] [MainThread]:   database: data-platform-455517
[0m11:44:19.785873 [info ] [MainThread]:   execution_project: data-platform-455517
[0m11:44:19.785990 [info ] [MainThread]:   schema: tdb_transformation_dev
[0m11:44:19.786107 [info ] [MainThread]:   location: US
[0m11:44:19.786223 [info ] [MainThread]:   priority: interactive
[0m11:44:19.786341 [info ] [MainThread]:   maximum_bytes_billed: None
[0m11:44:19.786455 [info ] [MainThread]:   impersonate_service_account: None
[0m11:44:19.786570 [info ] [MainThread]:   job_retry_deadline_seconds: None
[0m11:44:19.786686 [info ] [MainThread]:   job_retries: 1
[0m11:44:19.786802 [info ] [MainThread]:   job_creation_timeout_seconds: None
[0m11:44:19.786917 [info ] [MainThread]:   job_execution_timeout_seconds: 300
[0m11:44:19.787031 [info ] [MainThread]:   timeout_seconds: 300
[0m11:44:19.787145 [info ] [MainThread]:   client_id: None
[0m11:44:19.787259 [info ] [MainThread]:   token_uri: None
[0m11:44:19.787372 [info ] [MainThread]:   compute_region: None
[0m11:44:19.787486 [info ] [MainThread]:   dataproc_cluster_name: None
[0m11:44:19.787601 [info ] [MainThread]:   gcs_bucket: None
[0m11:44:19.787713 [info ] [MainThread]:   dataproc_batch: None
[0m11:44:19.788015 [info ] [MainThread]: Registered adapter: bigquery=1.10.2
[0m11:44:19.900854 [debug] [MainThread]: Acquiring new bigquery connection 'debug'
[0m11:44:19.901276 [debug] [MainThread]: On debug: select 1 as id
[0m11:44:19.901438 [debug] [MainThread]: Opening a new connection, currently in state init
[0m11:44:21.133421 [debug] [MainThread]: BigQuery adapter: https://console.cloud.google.com/bigquery?project=data-platform-455517&j=bq:US:dc9c7b63-a0fc-4b37-92d5-d5b75b5f5a3c&page=queryresults
[0m11:44:21.650122 [info ] [MainThread]:   Connection test: [[32mOK connection ok[0m]

[0m11:44:21.650724 [info ] [MainThread]: [31m1 check failed:[0m
[0m11:44:21.651000 [info ] [MainThread]: Project loading failed for the following reason:
 project path </Users/alexheston/tdb-transformation/dbt_project.yml> not found

[0m11:44:21.655495 [debug] [MainThread]: Resource report: {"command_name": "debug", "command_success": false, "command_wall_clock_time": 3.2794344, "process_in_blocks": "0", "process_kernel_time": 0.358252, "process_mem_max_rss": "354992128", "process_out_blocks": "0", "process_user_time": 1.492632}
[0m11:44:21.655948 [debug] [MainThread]: Command `dbt debug` failed at 11:44:21.655851 after 3.28 seconds
[0m11:44:21.656460 [debug] [MainThread]: Connection 'debug' was properly closed.
[0m11:44:21.656931 [debug] [MainThread]: Sending event: {'category': 'dbt', 'action': 'invocation', 'label': 'end', 'context': [<snowplow_tracker.self_describing_json.SelfDescribingJson object at 0x1059f7070>, <snowplow_tracker.self_describing_json.SelfDescribingJson object at 0x12dd1faf0>, <snowplow_tracker.self_describing_json.SelfDescribingJson object at 0x12ddc7190>]}
[0m11:44:21.657350 [debug] [MainThread]: Flushing usage events
[0m11:44:21.876235 [debug] [MainThread]: An error was encountered while trying to flush usage events
[0m11:44:51.760883 [debug] [MainThread]: Sending event: {'category': 'dbt', 'action': 'invocation', 'label': 'start', 'context': [<snowplow_tracker.self_describing_json.SelfDescribingJson object at 0x105d83070>, <snowplow_tracker.self_describing_json.SelfDescribingJson object at 0x106e2b1f0>, <snowplow_tracker.self_describing_json.SelfDescribingJson object at 0x106e2b520>]}


============================== 11:44:51.762701 | 076b6bce-94dd-4a6d-b673-e0f01b8b6efc ==============================
[0m11:44:51.762701 [info ] [MainThread]: Running with dbt=1.11.0-b3
[0m11:44:51.762971 [debug] [MainThread]: running dbt with arguments {'send_anonymous_usage_stats': 'True', 'profiles_dir': '/Users/alexheston/.dbt', 'version_check': 'True', 'quiet': 'False', 'partial_parse': 'True', 'log_format': 'default', 'warn_error': 'None', 'fail_fast': 'False', 'static_parser': 'True', 'debug': 'False', 'empty': 'None', 'cache_selected_only': 'False', 'write_json': 'True', 'log_cache_events': 'False', 'log_path': 'logs', 'target_path': 'None', 'no_print': 'None', 'printer_width': '80', 'indirect_selection': 'eager', 'warn_error_options': 'WarnErrorOptionsV2(error=[], warn=[], silence=[])', 'use_experimental_parser': 'False', 'introspect': 'True', 'use_colors': 'True', 'invocation_command': 'dbt debug'}
[0m11:44:51.767045 [info ] [MainThread]: dbt version: 1.11.0-b3
[0m11:44:51.767214 [info ] [MainThread]: python version: 3.9.6
[0m11:44:51.767355 [info ] [MainThread]: python path: /Users/alexheston/tdb-transformation/venv-tdb-transformation/bin/python3
[0m11:44:51.767484 [info ] [MainThread]: os info: macOS-15.7.4-arm64-arm-64bit
[0m11:44:52.671563 [info ] [MainThread]: Using profiles dir at /Users/alexheston/.dbt
[0m11:44:52.671818 [info ] [MainThread]: Using profiles.yml file at /Users/alexheston/.dbt/profiles.yml
[0m11:44:52.671951 [info ] [MainThread]: Using dbt_project.yml file at /Users/alexheston/tdb-transformation/dbt_project.yml
[0m11:44:52.672086 [info ] [MainThread]: adapter type: bigquery
[0m11:44:52.672210 [info ] [MainThread]: adapter version: 1.10.2
[0m11:44:52.672344 [info ] [MainThread]: Configuration:
[0m11:44:52.672465 [info ] [MainThread]:   profiles.yml file [[32mOK found and valid[0m]
[0m11:44:52.672584 [info ] [MainThread]:   dbt_project.yml file [[31mERROR not found[0m]
[0m11:44:52.672702 [info ] [MainThread]: Required dependencies:
[0m11:44:52.672866 [debug] [MainThread]: Executing "git --help"
[0m11:44:52.699370 [debug] [MainThread]: STDOUT: "b"usage: git [-v | --version] [-h | --help] [-C <path>] [-c <name>=<value>]\n           [--exec-path[=<path>]] [--html-path] [--man-path] [--info-path]\n           [-p | --paginate | -P | --no-pager] [--no-replace-objects] [--bare]\n           [--git-dir=<path>] [--work-tree=<path>] [--namespace=<name>]\n           [--super-prefix=<path>] [--config-env=<name>=<envvar>]\n           <command> [<args>]\n\nThese are common Git commands used in various situations:\n\nstart a working area (see also: git help tutorial)\n   clone     Clone a repository into a new directory\n   init      Create an empty Git repository or reinitialize an existing one\n\nwork on the current change (see also: git help everyday)\n   add       Add file contents to the index\n   mv        Move or rename a file, a directory, or a symlink\n   restore   Restore working tree files\n   rm        Remove files from the working tree and from the index\n\nexamine the history and state (see also: git help revisions)\n   bisect    Use binary search to find the commit that introduced a bug\n   diff      Show changes between commits, commit and working tree, etc\n   grep      Print lines matching a pattern\n   log       Show commit logs\n   show      Show various types of objects\n   status    Show the working tree status\n\ngrow, mark and tweak your common history\n   branch    List, create, or delete branches\n   commit    Record changes to the repository\n   merge     Join two or more development histories together\n   rebase    Reapply commits on top of another base tip\n   reset     Reset current HEAD to the specified state\n   switch    Switch branches\n   tag       Create, list, delete or verify a tag object signed with GPG\n\ncollaborate (see also: git help workflows)\n   fetch     Download objects and refs from another repository\n   pull      Fetch from and integrate with another repository or a local branch\n   push      Update remote refs along with associated objects\n\n'git help -a' and 'git help -g' list available subcommands and some\nconcept guides. See 'git help <command>' or 'git help <concept>'\nto read about a specific subcommand or concept.\nSee 'git help git' for an overview of the system.\n""
[0m11:44:52.699930 [debug] [MainThread]: STDERR: "b''"
[0m11:44:52.700198 [info ] [MainThread]:  - git [[32mOK found[0m]

[0m11:44:52.700364 [info ] [MainThread]: Connection:
[0m11:44:52.700561 [info ] [MainThread]:   method: oauth
[0m11:44:52.700688 [info ] [MainThread]:   database: data-platform-455517
[0m11:44:52.700808 [info ] [MainThread]:   execution_project: data-platform-455517
[0m11:44:52.700928 [info ] [MainThread]:   schema: tdb_transformation_dev
[0m11:44:52.701045 [info ] [MainThread]:   location: US
[0m11:44:52.701162 [info ] [MainThread]:   priority: interactive
[0m11:44:52.701278 [info ] [MainThread]:   maximum_bytes_billed: None
[0m11:44:52.701396 [info ] [MainThread]:   impersonate_service_account: None
[0m11:44:52.701512 [info ] [MainThread]:   job_retry_deadline_seconds: None
[0m11:44:52.701628 [info ] [MainThread]:   job_retries: 1
[0m11:44:52.701744 [info ] [MainThread]:   job_creation_timeout_seconds: None
[0m11:44:52.701860 [info ] [MainThread]:   job_execution_timeout_seconds: 300
[0m11:44:52.701977 [info ] [MainThread]:   timeout_seconds: 300
[0m11:44:52.702093 [info ] [MainThread]:   client_id: None
[0m11:44:52.702208 [info ] [MainThread]:   token_uri: None
[0m11:44:52.702322 [info ] [MainThread]:   compute_region: None
[0m11:44:52.702438 [info ] [MainThread]:   dataproc_cluster_name: None
[0m11:44:52.702554 [info ] [MainThread]:   gcs_bucket: None
[0m11:44:52.702670 [info ] [MainThread]:   dataproc_batch: None
[0m11:44:52.702955 [info ] [MainThread]: Registered adapter: bigquery=1.10.2
[0m11:44:52.811428 [debug] [MainThread]: Acquiring new bigquery connection 'debug'
[0m11:44:52.811714 [debug] [MainThread]: On debug: select 1 as id
[0m11:44:52.811866 [debug] [MainThread]: Opening a new connection, currently in state init
[0m11:44:53.753577 [debug] [MainThread]: BigQuery adapter: https://console.cloud.google.com/bigquery?project=data-platform-455517&j=bq:US:39560378-1709-4b8c-8c08-c466c908f94a&page=queryresults
[0m11:44:54.288422 [info ] [MainThread]:   Connection test: [[32mOK connection ok[0m]

[0m11:44:54.289014 [info ] [MainThread]: [31m1 check failed:[0m
[0m11:44:54.289345 [info ] [MainThread]: Project loading failed for the following reason:
 project path </Users/alexheston/tdb-transformation/dbt_project.yml> not found

[0m11:44:54.293676 [debug] [MainThread]: Resource report: {"command_name": "debug", "command_success": false, "command_wall_clock_time": 2.576685, "process_in_blocks": "0", "process_kernel_time": 0.277718, "process_mem_max_rss": "354140160", "process_out_blocks": "0", "process_user_time": 1.467775}
[0m11:44:54.294128 [debug] [MainThread]: Command `dbt debug` failed at 11:44:54.294035 after 2.58 seconds
[0m11:44:54.294454 [debug] [MainThread]: Connection 'debug' was properly closed.
[0m11:44:54.294906 [debug] [MainThread]: Sending event: {'category': 'dbt', 'action': 'invocation', 'label': 'end', 'context': [<snowplow_tracker.self_describing_json.SelfDescribingJson object at 0x105d83070>, <snowplow_tracker.self_describing_json.SelfDescribingJson object at 0x13cdf7340>, <snowplow_tracker.self_describing_json.SelfDescribingJson object at 0x13cdf75e0>]}
[0m11:44:54.295386 [debug] [MainThread]: Flushing usage events
[0m11:44:54.363473 [debug] [MainThread]: An error was encountered while trying to flush usage events
